Running: C:\Users\Public\14.7\ISE_DS\ISE\bin\nt64\unwrapped\fuse.exe -intstyle ise -incremental -lib unisims_ver -lib unimacro_ver -lib xilinxcorelib_ver -lib secureip -o C:/Users/Sandeep Kooner/Desktop/460 Labs/Full_UART_w_Memory/FULL_UART_w_MEM/memory32k_tb_isim_beh.exe -prj C:/Users/Sandeep Kooner/Desktop/460 Labs/Full_UART_w_Memory/FULL_UART_w_MEM/memory32k_tb_beh.prj work.memory32k_tb work.glbl 
ISim P.20131013 (signature 0x7708f090)
Number of CPUs detected in this system: 4
Turning on mult-threading, number of parallel sub-compilation jobs: 8 
Determining compilation order of HDL files
Analyzing Verilog file "C:/Users/Sandeep Kooner/Desktop/460 Labs/Full_UART_w_Memory/FULL_UART_w_MEM/ipcore_dir/staticRAM.v" into library work
Analyzing Verilog file "C:/Users/Sandeep Kooner/Desktop/460 Labs/Full_UART_w_Memory/FULL_UART_w_MEM/memory32k_tb.v" into library work
Analyzing Verilog file "C:/Users/Public/14.7/ISE_DS/ISE//verilog/src/glbl.v" into library work
Starting static elaboration
Completed static elaboration
Compiling module BLK_MEM_GEN_V7_3_output_stage(C_...
Compiling module BLK_MEM_GEN_V7_3_softecc_output_...
Compiling module BLK_MEM_GEN_V7_3_mem_module(C_CO...
Compiling module BLK_MEM_GEN_V7_3(C_FAMILY="artix...
Compiling module staticRAM
Compiling module memory32k_tb
Compiling module glbl
Time Resolution for simulation is 1ps.
Waiting for 1 sub-compilation(s) to finish...
Compiled 7 Verilog Units
Built simulation executable C:/Users/Sandeep Kooner/Desktop/460 Labs/Full_UART_w_Memory/FULL_UART_w_MEM/memory32k_tb_isim_beh.exe
Fuse Memory Usage: 32052 KB
Fuse CPU Usage: 531 ms
